[2025-03-26T11:21:53.134+0000] {processor.py:186} INFO - Started process (PID=77) to work on /opt/airflow/dags/intial_dag.py
[2025-03-26T11:21:53.141+0000] {processor.py:914} INFO - Processing file /opt/airflow/dags/intial_dag.py for tasks to queue
[2025-03-26T11:21:53.194+0000] {logging_mixin.py:190} INFO - [2025-03-26T11:21:53.186+0000] {dagbag.py:588} INFO - Filling up the DagBag from /opt/airflow/dags/intial_dag.py
[2025-03-26T11:21:53.325+0000] {logging_mixin.py:190} INFO - [2025-03-26T11:21:53.288+0000] {dagbag.py:387} ERROR - Failed to import: /opt/airflow/dags/intial_dag.py
Traceback (most recent call last):
  File "/home/airflow/.local/lib/python3.12/site-packages/airflow/models/dagbag.py", line 383, in parse
    loader.exec_module(new_module)
  File "<frozen importlib._bootstrap_external>", line 999, in exec_module
  File "<frozen importlib._bootstrap>", line 488, in _call_with_frames_removed
  File "/opt/airflow/dags/intial_dag.py", line 2, in <module>
    from airflow.providers.postgres.operators.postgres import PostgresOperator
ModuleNotFoundError: No module named 'airflow.providers.postgres.operators'
[2025-03-26T11:21:53.333+0000] {processor.py:927} WARNING - No viable dags retrieved from /opt/airflow/dags/intial_dag.py
[2025-03-26T11:21:53.503+0000] {processor.py:208} INFO - Processing /opt/airflow/dags/intial_dag.py took 0.437 seconds
[2025-03-26T11:22:23.863+0000] {processor.py:186} INFO - Started process (PID=78) to work on /opt/airflow/dags/intial_dag.py
[2025-03-26T11:22:23.864+0000] {processor.py:914} INFO - Processing file /opt/airflow/dags/intial_dag.py for tasks to queue
[2025-03-26T11:22:23.866+0000] {logging_mixin.py:190} INFO - [2025-03-26T11:22:23.866+0000] {dagbag.py:588} INFO - Filling up the DagBag from /opt/airflow/dags/intial_dag.py
[2025-03-26T11:22:23.884+0000] {logging_mixin.py:190} INFO - [2025-03-26T11:22:23.881+0000] {dagbag.py:387} ERROR - Failed to import: /opt/airflow/dags/intial_dag.py
Traceback (most recent call last):
  File "/home/airflow/.local/lib/python3.12/site-packages/airflow/models/dagbag.py", line 383, in parse
    loader.exec_module(new_module)
  File "<frozen importlib._bootstrap_external>", line 999, in exec_module
  File "<frozen importlib._bootstrap>", line 488, in _call_with_frames_removed
  File "/opt/airflow/dags/intial_dag.py", line 2, in <module>
    from airflow.providers.postgres.operators.postgres import PostgresOperator
ModuleNotFoundError: No module named 'airflow.providers.postgres.operators'
[2025-03-26T11:22:23.885+0000] {processor.py:927} WARNING - No viable dags retrieved from /opt/airflow/dags/intial_dag.py
[2025-03-26T11:22:23.945+0000] {processor.py:208} INFO - Processing /opt/airflow/dags/intial_dag.py took 0.088 seconds
[2025-03-26T11:22:54.368+0000] {processor.py:186} INFO - Started process (PID=79) to work on /opt/airflow/dags/intial_dag.py
[2025-03-26T11:22:54.369+0000] {processor.py:914} INFO - Processing file /opt/airflow/dags/intial_dag.py for tasks to queue
[2025-03-26T11:22:54.372+0000] {logging_mixin.py:190} INFO - [2025-03-26T11:22:54.371+0000] {dagbag.py:588} INFO - Filling up the DagBag from /opt/airflow/dags/intial_dag.py
[2025-03-26T11:22:54.393+0000] {logging_mixin.py:190} INFO - [2025-03-26T11:22:54.388+0000] {dagbag.py:387} ERROR - Failed to import: /opt/airflow/dags/intial_dag.py
Traceback (most recent call last):
  File "/home/airflow/.local/lib/python3.12/site-packages/airflow/models/dagbag.py", line 383, in parse
    loader.exec_module(new_module)
  File "<frozen importlib._bootstrap_external>", line 999, in exec_module
  File "<frozen importlib._bootstrap>", line 488, in _call_with_frames_removed
  File "/opt/airflow/dags/intial_dag.py", line 2, in <module>
    from airflow.providers.postgres.operators.postgres import PostgresOperator
ModuleNotFoundError: No module named 'airflow.providers.postgres.operators'
[2025-03-26T11:22:54.395+0000] {processor.py:927} WARNING - No viable dags retrieved from /opt/airflow/dags/intial_dag.py
[2025-03-26T11:22:54.433+0000] {processor.py:208} INFO - Processing /opt/airflow/dags/intial_dag.py took 0.071 seconds
[2025-03-26T11:23:24.690+0000] {processor.py:186} INFO - Started process (PID=80) to work on /opt/airflow/dags/intial_dag.py
[2025-03-26T11:23:24.691+0000] {processor.py:914} INFO - Processing file /opt/airflow/dags/intial_dag.py for tasks to queue
[2025-03-26T11:23:24.693+0000] {logging_mixin.py:190} INFO - [2025-03-26T11:23:24.692+0000] {dagbag.py:588} INFO - Filling up the DagBag from /opt/airflow/dags/intial_dag.py
[2025-03-26T11:23:24.706+0000] {logging_mixin.py:190} INFO - [2025-03-26T11:23:24.703+0000] {dagbag.py:387} ERROR - Failed to import: /opt/airflow/dags/intial_dag.py
Traceback (most recent call last):
  File "/home/airflow/.local/lib/python3.12/site-packages/airflow/models/dagbag.py", line 383, in parse
    loader.exec_module(new_module)
  File "<frozen importlib._bootstrap_external>", line 999, in exec_module
  File "<frozen importlib._bootstrap>", line 488, in _call_with_frames_removed
  File "/opt/airflow/dags/intial_dag.py", line 2, in <module>
    from airflow.providers.postgres.operators.postgres import PostgresOperator
ModuleNotFoundError: No module named 'airflow.providers.postgres.operators'
[2025-03-26T11:23:24.707+0000] {processor.py:927} WARNING - No viable dags retrieved from /opt/airflow/dags/intial_dag.py
[2025-03-26T11:23:24.761+0000] {processor.py:208} INFO - Processing /opt/airflow/dags/intial_dag.py took 0.076 seconds
[2025-03-26T11:23:54.856+0000] {processor.py:186} INFO - Started process (PID=81) to work on /opt/airflow/dags/intial_dag.py
[2025-03-26T11:23:54.857+0000] {processor.py:914} INFO - Processing file /opt/airflow/dags/intial_dag.py for tasks to queue
[2025-03-26T11:23:54.860+0000] {logging_mixin.py:190} INFO - [2025-03-26T11:23:54.859+0000] {dagbag.py:588} INFO - Filling up the DagBag from /opt/airflow/dags/intial_dag.py
[2025-03-26T11:23:54.875+0000] {logging_mixin.py:190} INFO - [2025-03-26T11:23:54.871+0000] {dagbag.py:387} ERROR - Failed to import: /opt/airflow/dags/intial_dag.py
Traceback (most recent call last):
  File "/home/airflow/.local/lib/python3.12/site-packages/airflow/models/dagbag.py", line 383, in parse
    loader.exec_module(new_module)
  File "<frozen importlib._bootstrap_external>", line 999, in exec_module
  File "<frozen importlib._bootstrap>", line 488, in _call_with_frames_removed
  File "/opt/airflow/dags/intial_dag.py", line 2, in <module>
    from airflow.providers.postgres.operators.postgres import PostgresOperator
ModuleNotFoundError: No module named 'airflow.providers.postgres.operators'
[2025-03-26T11:23:54.877+0000] {processor.py:927} WARNING - No viable dags retrieved from /opt/airflow/dags/intial_dag.py
[2025-03-26T11:23:54.906+0000] {processor.py:208} INFO - Processing /opt/airflow/dags/intial_dag.py took 0.055 seconds
[2025-03-26T11:24:25.118+0000] {processor.py:186} INFO - Started process (PID=82) to work on /opt/airflow/dags/intial_dag.py
[2025-03-26T11:24:25.119+0000] {processor.py:914} INFO - Processing file /opt/airflow/dags/intial_dag.py for tasks to queue
[2025-03-26T11:24:25.121+0000] {logging_mixin.py:190} INFO - [2025-03-26T11:24:25.120+0000] {dagbag.py:588} INFO - Filling up the DagBag from /opt/airflow/dags/intial_dag.py
[2025-03-26T11:24:25.134+0000] {logging_mixin.py:190} INFO - [2025-03-26T11:24:25.131+0000] {dagbag.py:387} ERROR - Failed to import: /opt/airflow/dags/intial_dag.py
Traceback (most recent call last):
  File "/home/airflow/.local/lib/python3.12/site-packages/airflow/models/dagbag.py", line 383, in parse
    loader.exec_module(new_module)
  File "<frozen importlib._bootstrap_external>", line 999, in exec_module
  File "<frozen importlib._bootstrap>", line 488, in _call_with_frames_removed
  File "/opt/airflow/dags/intial_dag.py", line 2, in <module>
    from airflow.providers.postgres.operators.postgres import PostgresOperator
ModuleNotFoundError: No module named 'airflow.providers.postgres.operators'
[2025-03-26T11:24:25.135+0000] {processor.py:927} WARNING - No viable dags retrieved from /opt/airflow/dags/intial_dag.py
[2025-03-26T11:24:25.166+0000] {processor.py:208} INFO - Processing /opt/airflow/dags/intial_dag.py took 0.053 seconds
[2025-03-26T11:24:55.638+0000] {processor.py:186} INFO - Started process (PID=83) to work on /opt/airflow/dags/intial_dag.py
[2025-03-26T11:24:55.640+0000] {processor.py:914} INFO - Processing file /opt/airflow/dags/intial_dag.py for tasks to queue
[2025-03-26T11:24:55.646+0000] {logging_mixin.py:190} INFO - [2025-03-26T11:24:55.645+0000] {dagbag.py:588} INFO - Filling up the DagBag from /opt/airflow/dags/intial_dag.py
[2025-03-26T11:24:55.664+0000] {logging_mixin.py:190} INFO - [2025-03-26T11:24:55.660+0000] {dagbag.py:387} ERROR - Failed to import: /opt/airflow/dags/intial_dag.py
Traceback (most recent call last):
  File "/home/airflow/.local/lib/python3.12/site-packages/airflow/models/dagbag.py", line 383, in parse
    loader.exec_module(new_module)
  File "<frozen importlib._bootstrap_external>", line 999, in exec_module
  File "<frozen importlib._bootstrap>", line 488, in _call_with_frames_removed
  File "/opt/airflow/dags/intial_dag.py", line 2, in <module>
    from airflow.providers.postgres.operators.postgres import PostgresOperator
ModuleNotFoundError: No module named 'airflow.providers.postgres.operators'
[2025-03-26T11:24:55.665+0000] {processor.py:927} WARNING - No viable dags retrieved from /opt/airflow/dags/intial_dag.py
[2025-03-26T11:24:55.698+0000] {processor.py:208} INFO - Processing /opt/airflow/dags/intial_dag.py took 0.072 seconds
[2025-03-26T11:25:19.152+0000] {processor.py:186} INFO - Started process (PID=84) to work on /opt/airflow/dags/intial_dag.py
[2025-03-26T11:25:19.153+0000] {processor.py:914} INFO - Processing file /opt/airflow/dags/intial_dag.py for tasks to queue
[2025-03-26T11:25:19.156+0000] {logging_mixin.py:190} INFO - [2025-03-26T11:25:19.156+0000] {dagbag.py:588} INFO - Filling up the DagBag from /opt/airflow/dags/intial_dag.py
[2025-03-26T11:25:19.164+0000] {logging_mixin.py:190} INFO - [2025-03-26T11:25:19.163+0000] {dagbag.py:366} INFO - File /opt/airflow/dags/intial_dag.py assumed to contain no DAGs. Skipping.
[2025-03-26T11:25:19.164+0000] {processor.py:927} WARNING - No viable dags retrieved from /opt/airflow/dags/intial_dag.py
[2025-03-26T11:25:19.194+0000] {processor.py:208} INFO - Processing /opt/airflow/dags/intial_dag.py took 0.047 seconds
[2025-03-26T11:25:49.461+0000] {processor.py:186} INFO - Started process (PID=85) to work on /opt/airflow/dags/intial_dag.py
[2025-03-26T11:25:49.462+0000] {processor.py:914} INFO - Processing file /opt/airflow/dags/intial_dag.py for tasks to queue
[2025-03-26T11:25:49.466+0000] {logging_mixin.py:190} INFO - [2025-03-26T11:25:49.466+0000] {dagbag.py:588} INFO - Filling up the DagBag from /opt/airflow/dags/intial_dag.py
[2025-03-26T11:25:49.473+0000] {logging_mixin.py:190} INFO - [2025-03-26T11:25:49.473+0000] {dagbag.py:366} INFO - File /opt/airflow/dags/intial_dag.py assumed to contain no DAGs. Skipping.
[2025-03-26T11:25:49.473+0000] {processor.py:927} WARNING - No viable dags retrieved from /opt/airflow/dags/intial_dag.py
[2025-03-26T11:25:49.489+0000] {processor.py:208} INFO - Processing /opt/airflow/dags/intial_dag.py took 0.034 seconds
[2025-03-26T11:26:19.736+0000] {processor.py:186} INFO - Started process (PID=86) to work on /opt/airflow/dags/intial_dag.py
[2025-03-26T11:26:19.737+0000] {processor.py:914} INFO - Processing file /opt/airflow/dags/intial_dag.py for tasks to queue
[2025-03-26T11:26:19.739+0000] {logging_mixin.py:190} INFO - [2025-03-26T11:26:19.738+0000] {dagbag.py:588} INFO - Filling up the DagBag from /opt/airflow/dags/intial_dag.py
[2025-03-26T11:26:19.745+0000] {logging_mixin.py:190} INFO - [2025-03-26T11:26:19.744+0000] {dagbag.py:366} INFO - File /opt/airflow/dags/intial_dag.py assumed to contain no DAGs. Skipping.
[2025-03-26T11:26:19.745+0000] {processor.py:927} WARNING - No viable dags retrieved from /opt/airflow/dags/intial_dag.py
[2025-03-26T11:26:19.763+0000] {processor.py:208} INFO - Processing /opt/airflow/dags/intial_dag.py took 0.033 seconds
[2025-03-26T11:26:50.026+0000] {processor.py:186} INFO - Started process (PID=87) to work on /opt/airflow/dags/intial_dag.py
[2025-03-26T11:26:50.028+0000] {processor.py:914} INFO - Processing file /opt/airflow/dags/intial_dag.py for tasks to queue
[2025-03-26T11:26:50.031+0000] {logging_mixin.py:190} INFO - [2025-03-26T11:26:50.031+0000] {dagbag.py:588} INFO - Filling up the DagBag from /opt/airflow/dags/intial_dag.py
[2025-03-26T11:26:50.038+0000] {logging_mixin.py:190} INFO - [2025-03-26T11:26:50.038+0000] {dagbag.py:366} INFO - File /opt/airflow/dags/intial_dag.py assumed to contain no DAGs. Skipping.
[2025-03-26T11:26:50.039+0000] {processor.py:927} WARNING - No viable dags retrieved from /opt/airflow/dags/intial_dag.py
[2025-03-26T11:26:50.054+0000] {processor.py:208} INFO - Processing /opt/airflow/dags/intial_dag.py took 0.036 seconds
